#
# There is insufficient memory for the Java Runtime Environment to continue.
# Native memory allocation (mmap) failed to map 132120576 bytes for G1 virtual space
# Possible reasons:
#   The system is out of physical RAM or swap space
#   The process is running with CompressedOops enabled, and the Java Heap may be blocking the growth of the native heap
# Possible solutions:
#   Reduce memory load on the system
#   Increase physical memory or swap space
#   Check if swap backing store is full
#   Decrease Java heap size (-Xmx/-Xms)
#   Decrease number of Java threads
#   Decrease Java thread stack sizes (-Xss)
#   Set larger code cache with -XX:ReservedCodeCacheSize=
#   JVM is running with Unscaled Compressed Oops mode in which the Java heap is
#     placed in the first 4GB address space. The Java Heap base address is the
#     maximum limit for the native heap growth. Please use -XX:HeapBaseMinAddress
#     to set the Java Heap base and to place the Java Heap above 4GB virtual address.
# This output file may be truncated or incomplete.
#
#  Out of Memory Error (os_windows.cpp:3527), pid=8392, tid=4588
#
# JRE version:  (19.0.1+10) (build )
# Java VM: Java HotSpot(TM) 64-Bit Server VM (19.0.1+10-21, mixed mode, sharing, tiered, compressed oops, compressed class ptrs, g1 gc, windows-amd64)
# No core dump will be written. Minidumps are not enabled by default on client versions of Windows
#

---------------  S U M M A R Y ------------

Command Line: -Dfile.encoding=UTF-8 --module-path=D:\JAVA PROJECT\HotelManagement\build\classes com.mycompany.hotelmanagement.customerCheckOut

Host: Intel(R) Core(TM) i5-3437U CPU @ 1.90GHz, 4 cores, 7G,  Windows 10 , 64 bit Build 19041 (10.0.19041.2364)
Time: Fri Jan 13 00:13:21 2023 SE Asia Standard Time elapsed time: 0.020695 seconds (0d 0h 0m 0s)

---------------  T H R E A D  ---------------

Current thread (0x000001889aec8630):  JavaThread "Unknown thread" [_thread_in_vm, id=4588, stack(0x000000858b000000,0x000000858b100000)]

Stack: [0x000000858b000000,0x000000858b100000]
Native frames: (J=compiled Java code, j=interpreted, Vv=VM code, C=native code)
V  [jvm.dll+0x6ee8fa]
V  [jvm.dll+0x857a1e]
V  [jvm.dll+0x85940e]
V  [jvm.dll+0x859ac3]
V  [jvm.dll+0x28291f]
V  [jvm.dll+0x6eb6e9]
V  [jvm.dll+0x6e028a]
V  [jvm.dll+0x357136]
V  [jvm.dll+0x35eb96]
V  [jvm.dll+0x3b555e]
V  [jvm.dll+0x3b578f]
V  [jvm.dll+0x32c6ea]
V  [jvm.dll+0x32d59e]
V  [jvm.dll+0x821b20]
V  [jvm.dll+0x3c27c1]
V  [jvm.dll+0x8022f1]
V  [jvm.dll+0x44b30f]
V  [jvm.dll+0x44cc91]
C  [jli.dll+0x5287]
C  [ucrtbase.dll+0x21bb2]
C  [KERNEL32.DLL+0x17614]
C  [ntdll.dll+0x526a1]


---------------  P R O C E S S  ---------------

Threads class SMR info:
_java_thread_list=0x00007ff87b6dd048, length=0, elements={
}

Java Threads: ( => current thread )

Other Threads:
  0x000001889af29000 WorkerThread "GC Thread#0" [stack: 0x000000858b100000,0x000000858b200000] [id=16964]
  0x000001889af39d00 ConcurrentGCThread "G1 Main Marker" [stack: 0x000000858b200000,0x000000858b300000] [id=5532]
  0x000001889af3bee0 WorkerThread "G1 Conc#0" [stack: 0x000000858b300000,0x000000858b400000] [id=17252]

[error occurred during error reporting (printing all threads), id 0xc0000005, EXCEPTION_ACCESS_VIOLATION (0xc0000005) at pc=0x00007ff87ae9d127]

VM state: not at safepoint (not fully initialized)

VM Mutex/Monitor currently owned by a thread:  ([mutex/lock_event])
[0x000001889ad6bd20] Heap_lock - owner thread: 0x000001889aec8630

Heap address: 0x0000000082000000, size: 2016 MB, Compressed Oops mode: 32-bit

CDS archive(s) mapped at: [0x0000000000000000-0x0000000000000000-0x0000000000000000), size 0, SharedBaseAddress: 0x0000000800000000, ArchiveRelocationMode: 0.
Narrow klass base: 0x0000000000000000, Narrow klass shift: 0, Narrow klass range: 0x0

GC Precious Log:
 CardTable entry size: 512
 Card Set container configuration: InlinePtr #cards 5 size 8 Array Of Cards #cards 12 size 40 Howl #buckets 4 coarsen threshold 1843 Howl Bitmap #cards 512 size 80 coarsen threshold 460 Card regions per heap region 1 cards per card region 2048

Heap:
 garbage-first heap   total 0K, used 0K [0x0000000082000000, 0x0000000100000000)
  region size 1024K, 0 young (0K), 0 survivors (0K)

[error occurred during error reporting (printing heap information), id 0xc0000005, EXCEPTION_ACCESS_VIOLATION (0xc0000005) at pc=0x00007ff87b2a6959]

GC Heap History (0 events):
No events

Dll operation events (1 events):
Event: 0.012 Loaded shared library E:\JAVA\bin\java.dll

Deoptimization events (0 events):
No events

Classes loaded (0 events):
No events

Classes unloaded (0 events):
No events

Classes redefined (0 events):
No events

Internal exceptions (0 events):
No events

VM Operations (0 events):
No events

Events (0 events):
No events


Dynamic libraries:
0x00007ff65acd0000 - 0x00007ff65ace0000 	E:\JAVA\bin\java.exe
0x00007ff8b9e50000 - 0x00007ff8ba048000 	C:\Windows\SYSTEM32\ntdll.dll
0x00007ff8b8c20000 - 0x00007ff8b8cdf000 	C:\Windows\System32\KERNEL32.DLL
0x00007ff8b78e0000 - 0x00007ff8b7bb2000 	C:\Windows\System32\KERNELBASE.dll
0x00007ff8b75e0000 - 0x00007ff8b76e0000 	C:\Windows\System32\ucrtbase.dll
0x00007ff8b24a0000 - 0x00007ff8b24b8000 	E:\JAVA\bin\jli.dll
0x00007ff8a9dd0000 - 0x00007ff8a9deb000 	E:\JAVA\bin\VCRUNTIME140.dll
0x00007ff8b8850000 - 0x00007ff8b88fe000 	C:\Windows\System32\ADVAPI32.dll
0x00007ff8b9a70000 - 0x00007ff8b9b0e000 	C:\Windows\System32\msvcrt.dll
0x00007ff8b8450000 - 0x00007ff8b84ec000 	C:\Windows\System32\sechost.dll
0x00007ff8b8610000 - 0x00007ff8b8735000 	C:\Windows\System32\RPCRT4.dll
0x00007ff8b9b10000 - 0x00007ff8b9cb1000 	C:\Windows\System32\USER32.dll
0x00007ff8b7710000 - 0x00007ff8b7732000 	C:\Windows\System32\win32u.dll
0x00007ff8b8750000 - 0x00007ff8b877b000 	C:\Windows\System32\GDI32.dll
0x00007ff8b77d0000 - 0x00007ff8b78df000 	C:\Windows\System32\gdi32full.dll
0x00007ff8b7540000 - 0x00007ff8b75dd000 	C:\Windows\System32\msvcp_win.dll
0x00007ff8a85e0000 - 0x00007ff8a887a000 	C:\Windows\WinSxS\amd64_microsoft.windows.common-controls_6595b64144ccf1df_6.0.19041.1110_none_60b5254171f9507e\COMCTL32.dll
0x00007ff8a8b40000 - 0x00007ff8a8b4a000 	C:\Windows\SYSTEM32\VERSION.dll
0x00007ff8b8ce0000 - 0x00007ff8b8d12000 	C:\Windows\System32\IMM32.DLL
0x00007ff8a9dc0000 - 0x00007ff8a9dcc000 	E:\JAVA\bin\vcruntime140_1.dll
0x00007ff89aa50000 - 0x00007ff89aade000 	E:\JAVA\bin\msvcp140.dll
0x00007ff87ab60000 - 0x00007ff87b820000 	E:\JAVA\bin\server\jvm.dll
0x00007ff8a6b50000 - 0x00007ff8a6b59000 	C:\Windows\SYSTEM32\WSOCK32.dll
0x00007ff8b9cf0000 - 0x00007ff8b9d5b000 	C:\Windows\System32\WS2_32.dll
0x00007ff8a8ae0000 - 0x00007ff8a8b07000 	C:\Windows\SYSTEM32\WINMM.dll
0x00007ff8b5400000 - 0x00007ff8b5412000 	C:\Windows\SYSTEM32\kernel.appcore.dll
0x00007ff8a9db0000 - 0x00007ff8a9dba000 	E:\JAVA\bin\jimage.dll
0x00007ff8a6120000 - 0x00007ff8a6304000 	C:\Windows\SYSTEM32\DBGHELP.DLL
0x00007ff8a5fc0000 - 0x00007ff8a5ff5000 	C:\Windows\SYSTEM32\dbgcore.DLL
0x00007ff8b7740000 - 0x00007ff8b77c2000 	C:\Windows\System32\bcryptPrimitives.dll
0x00007ff8a2fc0000 - 0x00007ff8a2fe6000 	E:\JAVA\bin\java.dll

dbghelp: loaded successfully - version: 4.0.5 - missing functions: none
symbol engine: initialized successfully - sym options: 0x614 - pdb path: .;E:\JAVA\bin;C:\Windows\SYSTEM32;C:\Windows\WinSxS\amd64_microsoft.windows.common-controls_6595b64144ccf1df_6.0.19041.1110_none_60b5254171f9507e;E:\JAVA\bin\server

VM Arguments:
jvm_args: -Dfile.encoding=UTF-8 --module-path=D:\JAVA PROJECT\HotelManagement\build\classes 
java_command: com.mycompany.hotelmanagement.customerCheckOut
java_class_path (initial): E:\Chrome Dowload\mysql-connector-java-8.0.20\mysql-connector-java-8.0.20\mysql-connector-java-8.0.20.jar;E:\NetBeans-16\netbeans\java\modules\ext\AbsoluteLayout.jar;E:\Chrome Dowload\itext.jar;D:\JAVA PROJECT\HotelManagement\build\classes
Launcher Type: SUN_STANDARD

[Global flags]
     intx CICompilerCount                          = 3                                         {product} {ergonomic}
     uint ConcGCThreads                            = 1                                         {product} {ergonomic}
     uint G1ConcRefinementThreads                  = 4                                         {product} {ergonomic}
   size_t G1HeapRegionSize                         = 1048576                                   {product} {ergonomic}
    uintx GCDrainStackTargetSize                   = 64                                        {product} {ergonomic}
   size_t InitialHeapSize                          = 132120576                                 {product} {ergonomic}
   size_t MarkStackSize                            = 4194304                                   {product} {ergonomic}
   size_t MaxHeapSize                              = 2113929216                                {product} {ergonomic}
   size_t MinHeapDeltaBytes                        = 1048576                                   {product} {ergonomic}
   size_t MinHeapSize                              = 8388608                                   {product} {ergonomic}
    uintx NonNMethodCodeHeapSize                   = 5832780                                {pd product} {ergonomic}
    uintx NonProfiledCodeHeapSize                  = 122912730                              {pd product} {ergonomic}
    uintx ProfiledCodeHeapSize                     = 122912730                              {pd product} {ergonomic}
    uintx ReservedCodeCacheSize                    = 251658240                              {pd product} {ergonomic}
     bool SegmentedCodeCache                       = true                                      {product} {ergonomic}
   size_t SoftMaxHeapSize                          = 2113929216                             {manageable} {ergonomic}
     bool UseCompressedClassPointers               = true                           {product lp64_product} {ergonomic}
     bool UseCompressedOops                        = true                           {product lp64_product} {ergonomic}
     bool UseG1GC                                  = true                                      {product} {ergonomic}
     bool UseLargePagesIndividualAllocation        = false                                  {pd product} {ergonomic}

Logging:
Log output configuration:
 #0: stdout all=warning uptime,level,tags foldmultilines=false
 #1: stderr all=off uptime,level,tags foldmultilines=false

Environment Variables:
JAVA_HOME=E:\JDK\bin
PATH=C:\Program Files\Common Files\Oracle\Java\javapath;C:\Windows\system32;C:\Windows;C:\Windows\System32\Wbem;C:\Windows\System32\WindowsPowerShell\v1.0\;C:\Windows\System32\OpenSSH\;C:\Program Files\Azure Data Studio\bin;E:\JAVA\bin;C:\Program Files\Cloudflare\Cloudflare WARP\;C:\Program Files (x86)\Microsoft SQL Server\160\Tools\Binn\;C:\Program Files\Microsoft SQL Server\160\Tools\Binn\;C:\Program Files\Microsoft SQL Server\Client SDK\ODBC\170\Tools\Binn\;C:\Program Files\Microsoft SQL Server\160\DTS\Binn\;C:\Program Files (x86)\Microsoft SQL Server\160\DTS\Binn\;C:\Users\vanhu\AppData\Local\Microsoft\WindowsApps;C:\Program Files\Azure Data Studio\bin;E:\Microsoft VS Code\bin
USERNAME=vanhu
OS=Windows_NT
PROCESSOR_IDENTIFIER=Intel64 Family 6 Model 58 Stepping 9, GenuineIntel
TMP=C:\Users\vanhu\AppData\Local\Temp
TEMP=C:\Users\vanhu\AppData\Local\Temp



---------------  S Y S T E M  ---------------

OS:
 Windows 10 , 64 bit Build 19041 (10.0.19041.2364)
OS uptime: 18 days 12:14 hours

CPU: total 4 (initial active 4) (2 cores per cpu, 2 threads per core) family 6 model 58 stepping 9 microcode 0x21, cx8, cmov, fxsr, ht, mmx, sse, sse2, sse3, ssse3, sse4.1, sse4.2, popcnt, tsc, tscinvbit, avx, aes, erms, clmul, vzeroupper, clflush, rdtscp

Memory: 4k page, system-wide physical 8056M (1580M free)
TotalPageFile size 16248M (AvailPageFile size 20M)
current process WorkingSet (physical memory assigned to process): 10M, peak: 10M
current process commit charge ("private bytes"): 52M, peak: 178M

vm_info: Java HotSpot(TM) 64-Bit Server VM (19.0.1+10-21) for windows-amd64 JRE (19.0.1+10-21), built on 2022-09-14T12:45:06Z by "mach5one" with MS VC++ 17.1 (VS2022)

END.
